0 info it worked if it ends with ok
1 verbose cli [ '/usr/bin/node',
1 verbose cli   '/usr/bin/npm',
1 verbose cli   'install',
1 verbose cli   '--save',
1 verbose cli   'plugins/external/markdown-it-vue' ]
2 info using npm@3.5.2
3 info using node@v8.10.0
4 silly loadCurrentTree Starting
5 silly install loadCurrentTree
6 silly install readLocalPackageData
7 silly fetchPackageMetaData plugins/external/markdown-it-vue
8 silly fetchOtherPackageData plugins/external/markdown-it-vue
9 silly cache add args [ 'plugins/external/markdown-it-vue', null ]
10 verbose cache add spec plugins/external/markdown-it-vue
11 silly cache add parsed spec Result {
11 silly cache add   raw: 'plugins/external/markdown-it-vue',
11 silly cache add   scope: null,
11 silly cache add   name: null,
11 silly cache add   rawSpec: 'plugins/external/markdown-it-vue',
11 silly cache add   spec: '/home/hexisyztem/lutece/frontend/lutece-frontend/src/plugins/external/markdown-it-vue',
11 silly cache add   type: 'local' }
12 error addLocal Could not install /home/hexisyztem/lutece/frontend/lutece-frontend/src/plugins/external/markdown-it-vue
13 silly fetchPackageMetaData Error: ENOENT: no such file or directory, open '/home/hexisyztem/lutece/frontend/lutece-frontend/src/plugins/external/markdown-it-vue'
13 silly fetchPackageMetaData  error for plugins/external/markdown-it-vue { Error: ENOENT: no such file or directory, open '/home/hexisyztem/lutece/frontend/lutece-frontend/src/plugins/external/markdown-it-vue'
13 silly fetchPackageMetaData   errno: -2,
13 silly fetchPackageMetaData   code: 'ENOENT',
13 silly fetchPackageMetaData   syscall: 'open',
13 silly fetchPackageMetaData   path: '/home/hexisyztem/lutece/frontend/lutece-frontend/src/plugins/external/markdown-it-vue' }
14 silly rollbackFailedOptional Starting
15 silly rollbackFailedOptional Finishing
16 silly runTopLevelLifecycles Starting
17 silly runTopLevelLifecycles Finishing
18 silly install printInstalled
19 verbose stack Error: ENOENT: no such file or directory, open '/home/hexisyztem/lutece/frontend/lutece-frontend/src/plugins/external/markdown-it-vue'
20 verbose cwd /home/hexisyztem/lutece/frontend/lutece-frontend/src
21 error Linux 5.0.0-37-generic
22 error argv "/usr/bin/node" "/usr/bin/npm" "install" "--save" "plugins/external/markdown-it-vue"
23 error node v8.10.0
24 error npm  v3.5.2
25 error path /home/hexisyztem/lutece/frontend/lutece-frontend/src/plugins/external/markdown-it-vue
26 error code ENOENT
27 error errno -2
28 error syscall open
29 error enoent ENOENT: no such file or directory, open '/home/hexisyztem/lutece/frontend/lutece-frontend/src/plugins/external/markdown-it-vue'
30 error enoent ENOENT: no such file or directory, open '/home/hexisyztem/lutece/frontend/lutece-frontend/src/plugins/external/markdown-it-vue'
30 error enoent This is most likely not a problem with npm itself
30 error enoent and is related to npm not being able to find a file.
31 verbose exit [ -2, true ]
